<?xml version="1.0" encoding="UTF-8"?>
<!-- Generated by org.testng.reporters.JUnitReportReporter -->
<testsuite hostname="DESKTOP-RH3TI4U" failures="0" tests="1" name="abc.IframeHandling" time="14.017" errors="0" timestamp="2024-06-01T17:21:45 IST" skipped="0">
  <testcase classname="abc.IframeHandling" name="two" time="14.017"/>
  <system-out/>
</testsuite> <!-- abc.IframeHandling -->
