<?xml version="1.0" encoding="UTF-8"?>
<!-- Generated by org.testng.reporters.JUnitReportReporter -->
<testsuite hostname="DESKTOP-RH3TI4U" failures="0" tests="1" name="abc.TableHandle" time="54.801" errors="0" timestamp="2024-04-30T15:52:49 IST" skipped="0">
  <testcase classname="abc.TableHandle" name="table" time="54.801"/>
  <system-out/>
</testsuite> <!-- abc.TableHandle -->
