<?xml version="1.0" encoding="UTF-8"?>
<!-- Generated by org.testng.reporters.JUnitReportReporter -->
<testsuite hostname="DESKTOP-RH3TI4U" failures="0" tests="1" name="abc.UploadFile" time="14.081" errors="0" timestamp="2024-06-01T11:50:27 IST" skipped="0">
  <testcase classname="abc.UploadFile" name="fileUpload" time="14.081"/>
  <system-out/>
</testsuite> <!-- abc.UploadFile -->
