<?xml version="1.0" encoding="UTF-8"?>
<!-- Generated by org.testng.reporters.JUnitReportReporter -->
<testsuite hostname="DESKTOP-RH3TI4U" failures="0" tests="1" name="abc.ContainXPath" time="19.273" errors="0" timestamp="2024-04-02T16:12:19 IST" skipped="0">
  <testcase classname="abc.ContainXPath" name="test" time="19.273"/>
  <system-out/>
</testsuite> <!-- abc.ContainXPath -->
