<?xml version="1.0" encoding="UTF-8"?>
<!-- Generated by org.testng.reporters.JUnitReportReporter -->
<testsuite hostname="DESKTOP-RH3TI4U" failures="0" tests="1" name="TestNGpractice.waits" time="0.000" errors="0" timestamp="2024-05-31T13:22:19 IST" skipped="1">
  <testcase classname="TestNGpractice.waits" name="loginForm" time="0.000">
    <skipped/>
  </testcase> <!-- loginForm -->
</testsuite> <!-- TestNGpractice.waits -->
