<?xml version="1.0" encoding="UTF-8"?>
<!-- Generated by org.testng.reporters.JUnitReportReporter -->
<testsuite hostname="DESKTOP-RH3TI4U" failures="0" tests="1" name="abc.SiblingPath" time="39.185" errors="0" timestamp="2024-05-31T13:45:26 IST" skipped="0">
  <testcase classname="abc.SiblingPath" name="table" time="39.185"/>
  <system-out/>
</testsuite> <!-- abc.SiblingPath -->
