<?xml version="1.0" encoding="UTF-8"?>
<!-- Generated by org.testng.reporters.JUnitReportReporter -->
<testsuite hostname="DESKTOP-RH3TI4U" failures="0" tests="2" name="TestNGpractice.DataPass" time="0.001" errors="0" timestamp="2024-05-31T13:22:19 IST" skipped="2">
  <testcase classname="TestNGpractice.DataPass" name="LoginPage" time="0.001">
    <skipped/>
  </testcase> <!-- LoginPage -->
  <testcase classname="TestNGpractice.DataPass" name="LoginPage" time="0.000">
    <skipped/>
  </testcase> <!-- LoginPage -->
</testsuite> <!-- TestNGpractice.DataPass -->
