<?xml version="1.0" encoding="UTF-8"?>
<!-- Generated by org.testng.reporters.JUnitReportReporter -->
<testsuite hostname="DESKTOP-RH3TI4U" failures="0" tests="4" name="TestNGpractice.Annotations" time="0.000" errors="0" timestamp="2024-05-31T13:22:19 IST" skipped="4">
  <testcase classname="TestNGpractice.Annotations" name="title" time="0.000">
    <skipped/>
  </testcase> <!-- title -->
  <testcase classname="TestNGpractice.Annotations" name="loginPage" time="0.000">
    <skipped/>
  </testcase> <!-- loginPage -->
  <testcase classname="TestNGpractice.Annotations" name="pass" time="0.000">
    <skipped/>
  </testcase> <!-- pass -->
  <testcase classname="TestNGpractice.Annotations" name="logbtn" time="0.000">
    <skipped/>
  </testcase> <!-- logbtn -->
</testsuite> <!-- TestNGpractice.Annotations -->
