<?xml version="1.0" encoding="UTF-8"?>
<!-- Generated by org.testng.reporters.JUnitReportReporter -->
<testsuite hostname="DESKTOP-RH3TI4U" failures="0" tests="1" name="abc.Prop" time="0.014" errors="0" timestamp="2024-02-27T14:36:57 IST" skipped="0">
  <testcase classname="abc.Prop" name="test" time="0.014"/>
  <system-out/>
</testsuite> <!-- abc.Prop -->
