<?xml version="1.0" encoding="UTF-8"?>
<!-- Generated by org.testng.reporters.JUnitReportReporter -->
<testsuite hostname="DESKTOP-RH3TI4U" failures="0" tests="1" name="abc.staleelementRef" time="26.080" errors="0" timestamp="2024-06-01T14:16:32 IST" skipped="0">
  <testcase classname="abc.staleelementRef" name="handleStale" time="26.080"/>
  <system-out/>
</testsuite> <!-- abc.staleelementRef -->
