<?xml version="1.0" encoding="UTF-8"?>
<!-- Generated by org.testng.reporters.JUnitReportReporter -->
<testsuite hostname="DESKTOP-RH3TI4U" failures="0" tests="1" name="abc.AuthenticationPopup" time="14.720" errors="0" timestamp="2024-06-01T12:26:13 IST" skipped="0">
  <testcase classname="abc.AuthenticationPopup" name="authentication" time="14.720"/>
  <system-out/>
</testsuite> <!-- abc.AuthenticationPopup -->
